<?xml version="1.0" encoding="UTF-8"?>
<Site BuildName="(empty)"
	BuildStamp="20230616-0346-Experimental"
	Name="DESKTOP-1QI2PER"
	Generator="ctest-3.16.3"
	CompilerName="/usr/bin/c++"
	CompilerVersion="9.4.0"
	OSName="Linux"
	Hostname="DESKTOP-1QI2PER"
	OSRelease="5.15.90.1-microsoft-standard-WSL2"
	OSVersion="#1 SMP Fri Jan 27 02:56:13 UTC 2023"
	OSPlatform="x86_64"
	Is64Bits="1"
	VendorString="AuthenticAMD"
	VendorID="Advanced Micro Devices"
	FamilyID="23"
	ModelID="96"
	ProcessorCacheSize="512"
	NumberOfLogicalCPU="12"
	NumberOfPhysicalCPU="6"
	TotalVirtualMemory="1024"
	TotalPhysicalMemory="3625"
	LogicalProcessorsPerPhysical="2"
	ProcessorClockFrequency="2994.39"
	>
	<Testing>
		<StartDateTime>Jun 16 10:46 +07</StartDateTime>
		<StartTestTime>1686887169</StartTestTime>
		<TestList/>
		<EndDateTime>Jun 16 10:46 +07</EndDateTime>
		<EndTestTime>1686887169</EndTestTime>
		<ElapsedMinutes>0</ElapsedMinutes>
	</Testing>
</Site>
